<?xml version="1.0" encoding="UTF-8"?>
<coverage generated="1730302786439" clover="3.2.0">
  <project timestamp="1730302786440" name="All files">
    <metrics statements="116" coveredstatements="116" conditionals="29" coveredconditionals="29" methods="36" coveredmethods="36" elements="181" coveredelements="181" complexity="0" loc="116" ncloc="116" packages="5" files="11" classes="11"/>
    <package name="src">
      <metrics statements="41" coveredstatements="41" conditionals="18" coveredconditionals="18" methods="14" coveredmethods="14"/>
      <file name="App.tsx" path="D:\react_list\src\App.tsx">
        <metrics statements="41" coveredstatements="41" conditionals="18" coveredconditionals="18" methods="14" coveredmethods="14"/>
        <line num="1" count="1" type="stmt"/>
        <line num="2" count="1" type="stmt"/>
        <line num="4" count="1" type="stmt"/>
        <line num="5" count="1" type="stmt"/>
        <line num="6" count="1" type="stmt"/>
        <line num="7" count="1" type="stmt"/>
        <line num="8" count="1" type="stmt"/>
        <line num="9" count="1" type="stmt"/>
        <line num="10" count="1" type="stmt"/>
        <line num="11" count="1" type="stmt"/>
        <line num="12" count="1" type="stmt"/>
        <line num="13" count="1" type="stmt"/>
        <line num="15" count="1" type="stmt"/>
        <line num="16" count="44" type="stmt"/>
        <line num="17" count="44" type="stmt"/>
        <line num="18" count="44" type="stmt"/>
        <line num="19" count="44" type="stmt"/>
        <line num="20" count="44" type="stmt"/>
        <line num="21" count="44" type="stmt"/>
        <line num="23" count="44" type="stmt"/>
        <line num="24" count="10" type="stmt"/>
        <line num="25" count="10" type="stmt"/>
        <line num="28" count="44" type="stmt"/>
        <line num="29" count="1" type="cond" truecount="1" falsecount="0"/>
        <line num="32" count="1" type="stmt"/>
        <line num="33" count="1" type="stmt"/>
        <line num="34" count="1" type="stmt"/>
        <line num="35" count="1" type="stmt"/>
        <line num="36" count="1" type="stmt"/>
        <line num="37" count="1" type="stmt"/>
        <line num="42" count="44" type="stmt"/>
        <line num="43" count="25" type="stmt"/>
        <line num="44" count="25" type="stmt"/>
        <line num="47" count="44" type="stmt"/>
        <line num="67" count="1" type="stmt"/>
        <line num="73" count="1" type="stmt"/>
        <line num="79" count="1" type="stmt"/>
        <line num="85" count="1" type="stmt"/>
        <line num="99" count="1" type="stmt"/>
        <line num="108" count="240" type="stmt"/>
        <line num="134" count="1" type="stmt"/>
      </file>
    </package>
    <package name="src.Components">
      <metrics statements="33" coveredstatements="33" conditionals="6" coveredconditionals="6" methods="8" coveredmethods="8"/>
      <file name="Card.tsx" path="D:\react_list\src\Components\Card.tsx">
        <metrics statements="28" coveredstatements="28" conditionals="6" coveredconditionals="6" methods="7" coveredmethods="7"/>
        <line num="1" count="1" type="stmt"/>
        <line num="2" count="1" type="stmt"/>
        <line num="3" count="1" type="stmt"/>
        <line num="4" count="1" type="stmt"/>
        <line num="5" count="1" type="stmt"/>
        <line num="6" count="1" type="stmt"/>
        <line num="7" count="1" type="stmt"/>
        <line num="8" count="1" type="stmt"/>
        <line num="20" count="1" type="stmt"/>
        <line num="21" count="406" type="stmt"/>
        <line num="22" count="406" type="stmt"/>
        <line num="23" count="406" type="stmt"/>
        <line num="26" count="203" type="stmt"/>
        <line num="27" count="203" type="stmt"/>
        <line num="28" count="203" type="stmt"/>
        <line num="29" count="203" type="stmt"/>
        <line num="30" count="203" type="stmt"/>
        <line num="31" count="203" type="stmt"/>
        <line num="32" count="203" type="stmt"/>
        <line num="33" count="162" type="stmt"/>
        <line num="34" count="162" type="stmt"/>
        <line num="35" count="162" type="stmt"/>
        <line num="37" count="203" type="stmt"/>
        <line num="58" count="13" type="stmt"/>
        <line num="76" count="15" type="stmt"/>
        <line num="89" count="2" type="stmt"/>
        <line num="98" count="1" type="stmt"/>
        <line num="109" count="1" type="stmt"/>
      </file>
      <file name="CardLoader.tsx" path="D:\react_list\src\Components\CardLoader.tsx">
        <metrics statements="5" coveredstatements="5" conditionals="0" coveredconditionals="0" methods="1" coveredmethods="1"/>
        <line num="1" count="1" type="stmt"/>
        <line num="2" count="1" type="stmt"/>
        <line num="4" count="1" type="stmt"/>
        <line num="5" count="11" type="stmt"/>
        <line num="13" count="1" type="stmt"/>
      </file>
    </package>
    <package name="src.app">
      <metrics statements="29" coveredstatements="29" conditionals="5" coveredconditionals="5" methods="8" coveredmethods="8"/>
      <file name="store.tsx" path="D:\react_list\src\app\store.tsx">
        <metrics statements="29" coveredstatements="29" conditionals="5" coveredconditionals="5" methods="8" coveredmethods="8"/>
        <line num="1" count="1" type="stmt"/>
        <line num="4" count="1" type="stmt"/>
        <line num="5" count="1" type="stmt"/>
        <line num="6" count="1" type="stmt"/>
        <line num="9" count="1" type="stmt"/>
        <line num="12" count="1" type="stmt"/>
        <line num="13" count="10" type="stmt"/>
        <line num="14" count="10" type="stmt"/>
        <line num="15" count="10" type="stmt"/>
        <line num="18" count="10" type="stmt"/>
        <line num="19" count="10" type="stmt"/>
        <line num="20" count="10" type="stmt"/>
        <line num="21" count="10" type="cond" truecount="3" falsecount="0"/>
        <line num="22" count="10" type="stmt"/>
        <line num="23" count="10" type="stmt"/>
        <line num="24" count="10" type="stmt"/>
        <line num="25" count="10" type="stmt"/>
        <line num="28" count="10" type="stmt"/>
        <line num="29" count="10" type="stmt"/>
        <line num="33" count="1" type="stmt"/>
        <line num="34" count="1" type="cond" truecount="1" falsecount="0"/>
        <line num="35" count="1" type="stmt"/>
        <line num="39" count="1" type="stmt"/>
        <line num="40" count="2" type="cond" truecount="1" falsecount="0"/>
        <line num="41" count="2" type="stmt"/>
        <line num="42" count="2" type="stmt"/>
        <line num="45" count="1" type="stmt"/>
        <line num="47" count="1" type="stmt"/>
        <line num="48" count="1" type="stmt"/>
      </file>
    </package>
    <package name="src.constant">
      <metrics statements="1" coveredstatements="1" conditionals="0" coveredconditionals="0" methods="0" coveredmethods="0"/>
      <file name="Constant.tsx" path="D:\react_list\src\constant\Constant.tsx">
        <metrics statements="1" coveredstatements="1" conditionals="0" coveredconditionals="0" methods="0" coveredmethods="0"/>
        <line num="1" count="1" type="stmt"/>
      </file>
    </package>
    <package name="src.img">
      <metrics statements="12" coveredstatements="12" conditionals="0" coveredconditionals="0" methods="6" coveredmethods="6"/>
      <file name="arrow-down.tsx" path="D:\react_list\src\img\arrow-down.tsx">
        <metrics statements="2" coveredstatements="2" conditionals="0" coveredconditionals="0" methods="1" coveredmethods="1"/>
        <line num="2" count="2" type="stmt"/>
        <line num="17" count="1" type="stmt"/>
      </file>
      <file name="arrow-up.tsx" path="D:\react_list\src\img\arrow-up.tsx">
        <metrics statements="2" coveredstatements="2" conditionals="0" coveredconditionals="0" methods="1" coveredmethods="1"/>
        <line num="2" count="21" type="stmt"/>
        <line num="17" count="1" type="stmt"/>
      </file>
      <file name="cross.tsx" path="D:\react_list\src\img\cross.tsx">
        <metrics statements="2" coveredstatements="2" conditionals="0" coveredconditionals="0" methods="1" coveredmethods="1"/>
        <line num="2" count="201" type="stmt"/>
        <line num="14" count="1" type="stmt"/>
      </file>
      <file name="imdb.tsx" path="D:\react_list\src\img\imdb.tsx">
        <metrics statements="2" coveredstatements="2" conditionals="0" coveredconditionals="0" methods="1" coveredmethods="1"/>
        <line num="2" count="23" type="stmt"/>
        <line num="13" count="1" type="stmt"/>
      </file>
      <file name="pencil.tsx" path="D:\react_list\src\img\pencil.tsx">
        <metrics statements="2" coveredstatements="2" conditionals="0" coveredconditionals="0" methods="1" coveredmethods="1"/>
        <line num="2" count="172" type="stmt"/>
        <line num="14" count="1" type="stmt"/>
      </file>
      <file name="save.tsx" path="D:\react_list\src\img\save.tsx">
        <metrics statements="2" coveredstatements="2" conditionals="0" coveredconditionals="0" methods="1" coveredmethods="1"/>
        <line num="2" count="29" type="stmt"/>
        <line num="19" count="1" type="stmt"/>
      </file>
    </package>
  </project>
</coverage>
