{"D:\\react_list\\src\\App.tsx": {"path":"D:\\react_list\\src\\App.tsx","statementMap":{"0":{"start":{"line":1,"column":0},"end":{"line":1,"column":65}},"1":{"start":{"line":2,"column":0},"end":{"line":2,"column":19}},"2":{"start":{"line":4,"column":0},"end":{"line":4,"column":36}},"3":{"start":{"line":5,"column":0},"end":{"line":5,"column":48}},"4":{"start":{"line":6,"column":0},"end":{"line":6,"column":46}},"5":{"start":{"line":7,"column":0},"end":{"line":7,"column":42}},"6":{"start":{"line":8,"column":0},"end":{"line":8,"column":34}},"7":{"start":{"line":9,"column":0},"end":{"line":9,"column":41}},"8":{"start":{"line":10,"column":0},"end":{"line":10,"column":45}},"9":{"start":{"line":11,"column":0},"end":{"line":11,"column":120}},"10":{"start":{"line":12,"column":0},"end":{"line":12,"column":43}},"11":{"start":{"line":13,"column":0},"end":{"line":13,"column":38}},"12":{"start":{"line":15,"column":12},"end":{"line":132,"column":2}},"13":{"start":{"line":16,"column":28},"end":{"line":16,"column":40}},"14":{"start":{"line":16,"column":14},"end":{"line":16,"column":16}},"15":{"start":{"line":16,"column":24},"end":{"line":16,"column":28}},"16":{"start":{"line":17,"column":32},"end":{"line":17,"column":47}},"17":{"start":{"line":17,"column":16},"end":{"line":17,"column":18}},"18":{"start":{"line":17,"column":28},"end":{"line":17,"column":32}},"19":{"start":{"line":18,"column":21},"end":{"line":18,"column":34}},"20":{"start":{"line":19,"column":32},"end":{"line":19,"column":43}},"21":{"start":{"line":19,"column":16},"end":{"line":19,"column":18}},"22":{"start":{"line":19,"column":28},"end":{"line":19,"column":32}},"23":{"start":{"line":20,"column":44},"end":{"line":20,"column":55}},"24":{"start":{"line":20,"column":22},"end":{"line":20,"column":24}},"25":{"start":{"line":20,"column":40},"end":{"line":20,"column":44}},"26":{"start":{"line":21,"column":28},"end":{"line":21,"column":47}},"27":{"start":{"line":21,"column":14},"end":{"line":21,"column":16}},"28":{"start":{"line":21,"column":24},"end":{"line":21,"column":28}},"29":{"start":{"line":23,"column":2},"end":{"line":26,"column":31}},"30":{"start":{"line":24,"column":4},"end":{"line":24,"column":17}},"31":{"start":{"line":25,"column":4},"end":{"line":25,"column":134}},"32":{"start":{"line":28,"column":23},"end":{"line":40,"column":31}},"33":{"start":{"line":29,"column":4},"end":{"line":39,"column":5}},"34":{"start":{"line":32,"column":6},"end":{"line":32,"column":32}},"35":{"start":{"line":33,"column":6},"end":{"line":33,"column":23}},"36":{"start":{"line":34,"column":6},"end":{"line":38,"column":15}},"37":{"start":{"line":35,"column":8},"end":{"line":35,"column":46}},"38":{"start":{"line":35,"column":30},"end":{"line":35,"column":45}},"39":{"start":{"line":36,"column":8},"end":{"line":36,"column":26}},"40":{"start":{"line":37,"column":8},"end":{"line":37,"column":35}},"41":{"start":{"line":42,"column":2},"end":{"line":45,"column":21}},"42":{"start":{"line":43,"column":4},"end":{"line":43,"column":52}},"43":{"start":{"line":44,"column":4},"end":{"line":44,"column":68}},"44":{"start":{"line":44,"column":17},"end":{"line":44,"column":68}},"45":{"start":{"line":47,"column":2},"end":{"line":131,"column":4}},"46":{"start":{"line":67,"column":34},"end":{"line":67,"column":54}},"47":{"start":{"line":67,"column":55},"end":{"line":67,"column":69}},"48":{"start":{"line":73,"column":34},"end":{"line":73,"column":58}},"49":{"start":{"line":73,"column":59},"end":{"line":73,"column":73}},"50":{"start":{"line":79,"column":34},"end":{"line":79,"column":59}},"51":{"start":{"line":79,"column":60},"end":{"line":79,"column":74}},"52":{"start":{"line":85,"column":34},"end":{"line":85,"column":57}},"53":{"start":{"line":85,"column":58},"end":{"line":85,"column":72}},"54":{"start":{"line":99,"column":33},"end":{"line":99,"column":null}},"55":{"start":{"line":99,"column":67},"end":{"line":99,"column":83}},"56":{"start":{"line":108,"column":147},"end":{"line":119,"column":12}},"57":{"start":{"line":134,"column":0},"end":{"line":134,"column":19}}},"fnMap":{"0":{"name":"(anonymous_1)","decl":{"start":{"line":15,"column":21},"end":{"line":15,"column":null}},"loc":{"start":{"line":15,"column":21},"end":{"line":132,"column":1}}},"1":{"name":"(anonymous_2)","decl":{"start":{"line":23,"column":12},"end":{"line":23,"column":null}},"loc":{"start":{"line":23,"column":12},"end":{"line":26,"column":3}}},"2":{"name":"(anonymous_3)","decl":{"start":{"line":28,"column":35},"end":{"line":28,"column":null}},"loc":{"start":{"line":28,"column":35},"end":{"line":40,"column":3}}},"3":{"name":"(anonymous_4)","decl":{"start":{"line":34,"column":17},"end":{"line":34,"column":null}},"loc":{"start":{"line":34,"column":17},"end":{"line":38,"column":7}}},"4":{"name":"(anonymous_5)","decl":{"start":{"line":35,"column":17},"end":{"line":35,"column":26}},"loc":{"start":{"line":35,"column":26},"end":{"line":35,"column":39}}},"5":{"name":"(anonymous_6)","decl":{"start":{"line":42,"column":12},"end":{"line":42,"column":null}},"loc":{"start":{"line":42,"column":12},"end":{"line":45,"column":3}}},"6":{"name":"(anonymous_7)","decl":{"start":{"line":44,"column":11},"end":{"line":44,"column":17}},"loc":{"start":{"line":44,"column":11},"end":{"line":44,"column":23}}},"7":{"name":"(anonymous_8)","decl":{"start":{"line":67,"column":27},"end":{"line":67,"column":34}},"loc":{"start":{"line":67,"column":27},"end":{"line":67,"column":69}}},"8":{"name":"(anonymous_9)","decl":{"start":{"line":73,"column":27},"end":{"line":73,"column":34}},"loc":{"start":{"line":73,"column":27},"end":{"line":73,"column":73}}},"9":{"name":"(anonymous_10)","decl":{"start":{"line":79,"column":27},"end":{"line":79,"column":34}},"loc":{"start":{"line":79,"column":27},"end":{"line":79,"column":74}}},"10":{"name":"(anonymous_11)","decl":{"start":{"line":85,"column":27},"end":{"line":85,"column":34}},"loc":{"start":{"line":85,"column":27},"end":{"line":85,"column":72}}},"11":{"name":"(anonymous_12)","decl":{"start":{"line":99,"column":27},"end":{"line":99,"column":33}},"loc":{"start":{"line":99,"column":27},"end":{"line":99,"column":49}}},"12":{"name":"(anonymous_13)","decl":{"start":{"line":99,"column":50},"end":{"line":99,"column":63}},"loc":{"start":{"line":99,"column":63},"end":{"line":99,"column":68}}},"13":{"name":"(anonymous_14)","decl":{"start":{"line":108,"column":114},"end":{"line":108,"column":115}},"loc":{"start":{"line":108,"column":142},"end":{"line":108,"column":null}}}},"branchMap":{"0":{"loc":{"start":{"line":29,"column":4},"end":{"line":39,"column":5}},"type":"if","locations":[{"start":{"line":29,"column":4},"end":{"line":39,"column":5}}]},"1":{"loc":{"start":{"line":30,"column":6},"end":{"line":30,"column":170}},"type":"binary-expr","locations":[{"start":{"line":30,"column":6},"end":{"line":30,"column":22}},{"start":{"line":30,"column":26},"end":{"line":30,"column":73}},{"start":{"line":30,"column":77},"end":{"line":30,"column":96}},{"start":{"line":30,"column":100},"end":{"line":30,"column":170}}]},"2":{"loc":{"start":{"line":49,"column":7},"end":{"line":52,"column":null}},"type":"binary-expr","locations":[{"start":{"line":49,"column":7},"end":{"line":49,"column":30}},{"start":{"line":50,"column":8},"end":{"line":51,"column":null}}]},"3":{"loc":{"start":{"line":54,"column":7},"end":{"line":120,"column":null}},"type":"binary-expr","locations":[{"start":{"line":54,"column":7},"end":{"line":54,"column":23}},{"start":{"line":55,"column":8},"end":{"line":119,"column":null}}]},"4":{"loc":{"start":{"line":102,"column":21},"end":{"line":102,"column":107}},"type":"cond-expr","locations":[{"start":{"line":102,"column":43},"end":{"line":102,"column":70}},{"start":{"line":102,"column":75},"end":{"line":102,"column":106}}]},"5":{"loc":{"start":{"line":122,"column":7},"end":{"line":125,"column":null}},"type":"binary-expr","locations":[{"start":{"line":122,"column":7},"end":{"line":122,"column":23}},{"start":{"line":122,"column":27},"end":{"line":122,"column":34}},{"start":{"line":123,"column":8},"end":{"line":124,"column":null}}]},"6":{"loc":{"start":{"line":127,"column":7},"end":{"line":128,"column":null}},"type":"binary-expr","locations":[{"start":{"line":127,"column":7},"end":{"line":127,"column":23}},{"start":{"line":127,"column":27},"end":{"line":127,"column":74}},{"start":{"line":127,"column":78},"end":{"line":127,"column":86}},{"start":{"line":128,"column":8},"end":{"line":128,"column":51}}]}},"s":{"0":1,"1":1,"2":1,"3":1,"4":1,"5":1,"6":1,"7":1,"8":1,"9":1,"10":1,"11":1,"12":1,"13":44,"14":44,"15":44,"16":44,"17":44,"18":44,"19":44,"20":44,"21":44,"22":44,"23":44,"24":44,"25":44,"26":44,"27":44,"28":44,"29":44,"30":10,"31":10,"32":44,"33":1,"34":1,"35":1,"36":1,"37":1,"38":1,"39":1,"40":1,"41":44,"42":25,"43":25,"44":25,"45":44,"46":1,"47":1,"48":1,"49":1,"50":1,"51":1,"52":1,"53":1,"54":1,"55":1,"56":240,"57":1},"f":{"0":44,"1":10,"2":1,"3":1,"4":1,"5":25,"6":25,"7":1,"8":1,"9":1,"10":1,"11":1,"12":1,"13":240},"b":{"0":[1],"1":[1,1,1,1],"2":[44,20],"3":[44,23],"4":[21,2],"5":[44,23,1],"6":[44,23,23,22]}}
,"D:\\react_list\\src\\Components\\Card.tsx": {"path":"D:\\react_list\\src\\Components\\Card.tsx","statementMap":{"0":{"start":{"line":1,"column":0},"end":{"line":1,"column":32}},"1":{"start":{"line":2,"column":0},"end":{"line":2,"column":68}},"2":{"start":{"line":3,"column":0},"end":{"line":3,"column":33}},"3":{"start":{"line":4,"column":0},"end":{"line":4,"column":39}},"4":{"start":{"line":5,"column":0},"end":{"line":5,"column":35}},"5":{"start":{"line":6,"column":0},"end":{"line":6,"column":38}},"6":{"start":{"line":7,"column":0},"end":{"line":7,"column":43}},"7":{"start":{"line":8,"column":0},"end":{"line":8,"column":39}},"8":{"start":{"line":20,"column":19},"end":{"line":24,"column":1}},"9":{"start":{"line":21,"column":16},"end":{"line":21,"column":50}},"10":{"start":{"line":22,"column":4},"end":{"line":22,"column":25}},"11":{"start":{"line":23,"column":4},"end":{"line":23,"column":21}},"12":{"start":{"line":26,"column":34},"end":{"line":107,"column":2}},"13":{"start":{"line":26,"column":50},"end":{"line":26,"column":52}},"14":{"start":{"line":26,"column":57},"end":{"line":26,"column":59}},"15":{"start":{"line":26,"column":65},"end":{"line":26,"column":67}},"16":{"start":{"line":26,"column":80},"end":{"line":26,"column":82}},"17":{"start":{"line":26,"column":87},"end":{"line":26,"column":89}},"18":{"start":{"line":26,"column":92},"end":{"line":26,"column":94}},"19":{"start":{"line":26,"column":96},"end":{"line":26,"column":98}},"20":{"start":{"line":27,"column":4},"end":{"line":27,"column":28}},"21":{"start":{"line":28,"column":4},"end":{"line":28,"column":30}},"22":{"start":{"line":29,"column":34},"end":{"line":29,"column":45}},"23":{"start":{"line":29,"column":18},"end":{"line":29,"column":20}},"24":{"start":{"line":29,"column":30},"end":{"line":29,"column":34}},"25":{"start":{"line":30,"column":38},"end":{"line":30,"column":52}},"26":{"start":{"line":30,"column":20},"end":{"line":30,"column":22}},"27":{"start":{"line":30,"column":34},"end":{"line":30,"column":38}},"28":{"start":{"line":31,"column":40},"end":{"line":31,"column":55}},"29":{"start":{"line":31,"column":21},"end":{"line":31,"column":23}},"30":{"start":{"line":31,"column":36},"end":{"line":31,"column":40}},"31":{"start":{"line":32,"column":4},"end":{"line":36,"column":22}},"32":{"start":{"line":33,"column":8},"end":{"line":33,"column":22}},"33":{"start":{"line":34,"column":8},"end":{"line":34,"column":27}},"34":{"start":{"line":35,"column":8},"end":{"line":35,"column":29}},"35":{"start":{"line":37,"column":4},"end":{"line":106,"column":4}},"36":{"start":{"line":58,"column":43},"end":{"line":58,"column":null}},"37":{"start":{"line":76,"column":43},"end":{"line":76,"column":null}},"38":{"start":{"line":89,"column":36},"end":{"line":89,"column":58}},"39":{"start":{"line":89,"column":58},"end":{"line":89,"column":108}},"40":{"start":{"line":98,"column":35},"end":{"line":98,"column":null}},"41":{"start":{"line":109,"column":0},"end":{"line":109,"column":20}}},"fnMap":{"0":{"name":"(anonymous_1)","decl":{"start":{"line":20,"column":19},"end":{"line":20,"column":20}},"loc":{"start":{"line":20,"column":32},"end":{"line":24,"column":1}}},"1":{"name":"(anonymous_2)","decl":{"start":{"line":26,"column":43},"end":{"line":26,"column":44}},"loc":{"start":{"line":26,"column":98},"end":{"line":107,"column":1}}},"2":{"name":"(anonymous_3)","decl":{"start":{"line":32,"column":14},"end":{"line":32,"column":null}},"loc":{"start":{"line":32,"column":14},"end":{"line":36,"column":5}}},"3":{"name":"(anonymous_4)","decl":{"start":{"line":58,"column":36},"end":{"line":58,"column":37}},"loc":{"start":{"line":58,"column":38},"end":{"line":58,"column":55}}},"4":{"name":"(anonymous_5)","decl":{"start":{"line":76,"column":36},"end":{"line":76,"column":37}},"loc":{"start":{"line":76,"column":38},"end":{"line":76,"column":56}}},"5":{"name":"(anonymous_6)","decl":{"start":{"line":89,"column":29},"end":{"line":89,"column":36}},"loc":{"start":{"line":89,"column":29},"end":{"line":89,"column":108}}},"6":{"name":"(anonymous_7)","decl":{"start":{"line":98,"column":29},"end":{"line":98,"column":35}},"loc":{"start":{"line":98,"column":29},"end":{"line":98,"column":46}}}},"branchMap":{"0":{"loc":{"start":{"line":54,"column":21},"end":{"line":62,"column":32}},"type":"cond-expr","locations":[{"start":{"line":54,"column":37},"end":{"line":54,"column":76}},{"start":{"line":55,"column":23},"end":{"line":61,"column":null}}]},"1":{"loc":{"start":{"line":72,"column":21},"end":{"line":80,"column":32}},"type":"cond-expr","locations":[{"start":{"line":72,"column":37},"end":{"line":72,"column":77}},{"start":{"line":73,"column":23},"end":{"line":79,"column":null}}]},"2":{"loc":{"start":{"line":92,"column":25},"end":{"line":92,"column":89}},"type":"cond-expr","locations":[{"start":{"line":92,"column":40},"end":{"line":92,"column":65}},{"start":{"line":92,"column":68},"end":{"line":92,"column":89}}]}},"s":{"0":1,"1":1,"2":1,"3":1,"4":1,"5":1,"6":1,"7":1,"8":1,"9":406,"10":406,"11":406,"12":1,"13":203,"14":203,"15":203,"16":203,"17":203,"18":203,"19":203,"20":203,"21":203,"22":203,"23":203,"24":203,"25":203,"26":203,"27":203,"28":203,"29":203,"30":203,"31":203,"32":162,"33":162,"34":162,"35":203,"36":13,"37":15,"38":2,"39":2,"40":1,"41":1},"f":{"0":406,"1":203,"2":162,"3":13,"4":15,"5":2,"6":1},"b":{"0":[173,30],"1":[173,30],"2":[173,30]}}
,"D:\\react_list\\src\\Components\\CardLoader.tsx": {"path":"D:\\react_list\\src\\Components\\CardLoader.tsx","statementMap":{"0":{"start":{"line":1,"column":0},"end":{"line":1,"column":22}},"1":{"start":{"line":2,"column":0},"end":{"line":2,"column":44}},"2":{"start":{"line":4,"column":29},"end":{"line":11,"column":1}},"3":{"start":{"line":5,"column":4},"end":{"line":10,"column":6}},"4":{"start":{"line":13,"column":0},"end":{"line":13,"column":26}}},"fnMap":{"0":{"name":"(anonymous_0)","decl":{"start":{"line":4,"column":29},"end":{"line":4,"column":null}},"loc":{"start":{"line":4,"column":29},"end":{"line":11,"column":1}}}},"branchMap":{},"s":{"0":1,"1":1,"2":1,"3":11,"4":1},"f":{"0":11},"b":{}}
,"D:\\react_list\\src\\app\\store.tsx": {"path":"D:\\react_list\\src\\app\\store.tsx","statementMap":{"0":{"start":{"line":1,"column":0},"end":{"line":1,"column":55}},"1":{"start":{"line":4,"column":0},"end":{"line":4,"column":null}},"2":{"start":{"line":5,"column":4},"end":{"line":5,"column":38}},"3":{"start":{"line":6,"column":4},"end":{"line":6,"column":33}},"4":{"start":{"line":9,"column":8},"end":{"line":9,"column":33}},"5":{"start":{"line":12,"column":10},"end":{"line":31,"column":null}},"6":{"start":{"line":13,"column":8},"end":{"line":16,"column":11}},"7":{"start":{"line":14,"column":12},"end":{"line":14,"column":36}},"8":{"start":{"line":15,"column":12},"end":{"line":15,"column":29}},"9":{"start":{"line":18,"column":28},"end":{"line":18,"column":null}},"10":{"start":{"line":18,"column":14},"end":{"line":18,"column":null}},"11":{"start":{"line":19,"column":23},"end":{"line":19,"column":null}},"12":{"start":{"line":19,"column":14},"end":{"line":19,"column":null}},"13":{"start":{"line":20,"column":14},"end":{"line":20,"column":102}},"14":{"start":{"line":21,"column":8},"end":{"line":27,"column":9}},"15":{"start":{"line":22,"column":18},"end":{"line":22,"column":44}},"16":{"start":{"line":23,"column":18},"end":{"line":23,"column":52}},"17":{"start":{"line":24,"column":12},"end":{"line":26,"column":15}},"18":{"start":{"line":25,"column":16},"end":{"line":25,"column":56}},"19":{"start":{"line":28,"column":8},"end":{"line":30,"column":11}},"20":{"start":{"line":29,"column":12},"end":{"line":29,"column":37}},"21":{"start":{"line":33,"column":4},"end":{"line":37,"column":null}},"22":{"start":{"line":34,"column":8},"end":{"line":36,"column":9}},"23":{"start":{"line":35,"column":12},"end":{"line":35,"column":55}},"24":{"start":{"line":39,"column":4},"end":{"line":44,"column":null}},"25":{"start":{"line":40,"column":8},"end":{"line":43,"column":9}},"26":{"start":{"line":41,"column":12},"end":{"line":41,"column":65}},"27":{"start":{"line":42,"column":12},"end":{"line":42,"column":67}},"28":{"start":{"line":45,"column":0},"end":{"line":45,"column":null}},"29":{"start":{"line":47,"column":20},"end":{"line":47,"column":37}},"30":{"start":{"line":48,"column":0},"end":{"line":48,"column":27}}},"fnMap":{"0":{"name":"(anonymous_13)","decl":{"start":{"line":4,"column":0},"end":{"line":4,"column":null}},"loc":{"start":{"line":4,"column":0},"end":{"line":45,"column":null}}},"1":{"name":"MoviesStore","decl":{"start":{"line":8,"column":4},"end":{"line":8,"column":null}},"loc":{"start":{"line":8,"column":4},"end":{"line":10,"column":5}}},"2":{"name":"(anonymous_15)","decl":{"start":{"line":12,"column":4},"end":{"line":12,"column":10}},"loc":{"start":{"line":12,"column":33},"end":{"line":31,"column":null}}},"3":{"name":"(anonymous_18)","decl":{"start":{"line":13,"column":20},"end":{"line":13,"column":null}},"loc":{"start":{"line":13,"column":20},"end":{"line":16,"column":9}}},"4":{"name":"(anonymous_19)","decl":{"start":{"line":24,"column":24},"end":{"line":24,"column":null}},"loc":{"start":{"line":24,"column":24},"end":{"line":26,"column":13}}},"5":{"name":"(anonymous_20)","decl":{"start":{"line":28,"column":20},"end":{"line":28,"column":null}},"loc":{"start":{"line":28,"column":20},"end":{"line":30,"column":9}}},"6":{"name":"(anonymous_21)","decl":{"start":{"line":33,"column":4},"end":{"line":33,"column":14}},"loc":{"start":{"line":33,"column":28},"end":{"line":37,"column":5}}},"7":{"name":"(anonymous_22)","decl":{"start":{"line":39,"column":4},"end":{"line":39,"column":14}},"loc":{"start":{"line":39,"column":57},"end":{"line":44,"column":5}}}},"branchMap":{"0":{"loc":{"start":{"line":21,"column":8},"end":{"line":27,"column":9}},"type":"if","locations":[{"start":{"line":21,"column":8},"end":{"line":27,"column":9}}]},"1":{"loc":{"start":{"line":21,"column":12},"end":{"line":21,"column":41}},"type":"binary-expr","locations":[{"start":{"line":21,"column":12},"end":{"line":21,"column":23}},{"start":{"line":21,"column":27},"end":{"line":21,"column":41}}]},"2":{"loc":{"start":{"line":34,"column":8},"end":{"line":36,"column":9}},"type":"if","locations":[{"start":{"line":34,"column":8},"end":{"line":36,"column":9}}]},"3":{"loc":{"start":{"line":40,"column":8},"end":{"line":43,"column":9}},"type":"if","locations":[{"start":{"line":40,"column":8},"end":{"line":43,"column":9}}]}},"s":{"0":1,"1":1,"2":1,"3":1,"4":1,"5":1,"6":10,"7":10,"8":10,"9":10,"10":10,"11":10,"12":10,"13":10,"14":10,"15":10,"16":10,"17":10,"18":10,"19":10,"20":10,"21":1,"22":1,"23":1,"24":1,"25":2,"26":2,"27":2,"28":1,"29":1,"30":1},"f":{"0":1,"1":1,"2":10,"3":10,"4":10,"5":10,"6":1,"7":2},"b":{"0":[10],"1":[10,10],"2":[1],"3":[2]}}
,"D:\\react_list\\src\\constant\\Constant.tsx": {"path":"D:\\react_list\\src\\constant\\Constant.tsx","statementMap":{"0":{"start":{"line":1,"column":13},"end":{"line":6,"column":2}}},"fnMap":{},"branchMap":{},"s":{"0":1},"f":{},"b":{}}
,"D:\\react_list\\src\\img\\arrow-down.tsx": {"path":"D:\\react_list\\src\\img\\arrow-down.tsx","statementMap":{"0":{"start":{"line":2,"column":2},"end":{"line":14,"column":4}},"1":{"start":{"line":17,"column":0},"end":{"line":17,"column":29}}},"fnMap":{"0":{"name":"IconArrowDown","decl":{"start":{"line":1,"column":9},"end":{"line":1,"column":22}},"loc":{"start":{"line":1,"column":22},"end":{"line":15,"column":1}}}},"branchMap":{},"s":{"0":2,"1":1},"f":{"0":2},"b":{}}
,"D:\\react_list\\src\\img\\arrow-up.tsx": {"path":"D:\\react_list\\src\\img\\arrow-up.tsx","statementMap":{"0":{"start":{"line":2,"column":2},"end":{"line":14,"column":4}},"1":{"start":{"line":17,"column":0},"end":{"line":17,"column":27}}},"fnMap":{"0":{"name":"IconArrowUp","decl":{"start":{"line":1,"column":9},"end":{"line":1,"column":20}},"loc":{"start":{"line":1,"column":20},"end":{"line":15,"column":1}}}},"branchMap":{},"s":{"0":21,"1":1},"f":{"0":21},"b":{}}
,"D:\\react_list\\src\\img\\cross.tsx": {"path":"D:\\react_list\\src\\img\\cross.tsx","statementMap":{"0":{"start":{"line":2,"column":4},"end":{"line":11,"column":6}},"1":{"start":{"line":14,"column":0},"end":{"line":14,"column":26}}},"fnMap":{"0":{"name":"IconCross1","decl":{"start":{"line":1,"column":9},"end":{"line":1,"column":19}},"loc":{"start":{"line":1,"column":19},"end":{"line":12,"column":1}}}},"branchMap":{},"s":{"0":201,"1":1},"f":{"0":201},"b":{}}
,"D:\\react_list\\src\\img\\imdb.tsx": {"path":"D:\\react_list\\src\\img\\imdb.tsx","statementMap":{"0":{"start":{"line":2,"column":4},"end":{"line":10,"column":6}},"1":{"start":{"line":13,"column":0},"end":{"line":13,"column":24}}},"fnMap":{"0":{"name":"ImdbLogo","decl":{"start":{"line":1,"column":9},"end":{"line":1,"column":17}},"loc":{"start":{"line":1,"column":17},"end":{"line":11,"column":3}}}},"branchMap":{},"s":{"0":23,"1":1},"f":{"0":23},"b":{}}
,"D:\\react_list\\src\\img\\pencil.tsx": {"path":"D:\\react_list\\src\\img\\pencil.tsx","statementMap":{"0":{"start":{"line":2,"column":4},"end":{"line":11,"column":6}},"1":{"start":{"line":14,"column":0},"end":{"line":14,"column":26}}},"fnMap":{"0":{"name":"IconPencil","decl":{"start":{"line":1,"column":9},"end":{"line":1,"column":19}},"loc":{"start":{"line":1,"column":19},"end":{"line":12,"column":3}}}},"branchMap":{},"s":{"0":172,"1":1},"f":{"0":172},"b":{}}
,"D:\\react_list\\src\\img\\save.tsx": {"path":"D:\\react_list\\src\\img\\save.tsx","statementMap":{"0":{"start":{"line":2,"column":4},"end":{"line":16,"column":6}},"1":{"start":{"line":19,"column":0},"end":{"line":19,"column":24}}},"fnMap":{"0":{"name":"IconSave","decl":{"start":{"line":1,"column":9},"end":{"line":1,"column":17}},"loc":{"start":{"line":1,"column":17},"end":{"line":17,"column":1}}}},"branchMap":{},"s":{"0":29,"1":1},"f":{"0":29},"b":{}}
}
