TN:
SF:src\App.tsx
FN:15,(anonymous_1)
FN:23,(anonymous_2)
FN:28,(anonymous_3)
FN:34,(anonymous_4)
FN:35,(anonymous_5)
FN:42,(anonymous_6)
FN:44,(anonymous_7)
FN:67,(anonymous_8)
FN:73,(anonymous_9)
FN:79,(anonymous_10)
FN:85,(anonymous_11)
FN:99,(anonymous_12)
FN:99,(anonymous_13)
FN:108,(anonymous_14)
FNF:14
FNH:14
FNDA:44,(anonymous_1)
FNDA:10,(anonymous_2)
FNDA:1,(anonymous_3)
FNDA:1,(anonymous_4)
FNDA:1,(anonymous_5)
FNDA:25,(anonymous_6)
FNDA:25,(anonymous_7)
FNDA:1,(anonymous_8)
FNDA:1,(anonymous_9)
FNDA:1,(anonymous_10)
FNDA:1,(anonymous_11)
FNDA:1,(anonymous_12)
FNDA:1,(anonymous_13)
FNDA:240,(anonymous_14)
DA:1,1
DA:2,1
DA:4,1
DA:5,1
DA:6,1
DA:7,1
DA:8,1
DA:9,1
DA:10,1
DA:11,1
DA:12,1
DA:13,1
DA:15,1
DA:16,44
DA:17,44
DA:18,44
DA:19,44
DA:20,44
DA:21,44
DA:23,44
DA:24,10
DA:25,10
DA:28,44
DA:29,1
DA:32,1
DA:33,1
DA:34,1
DA:35,1
DA:36,1
DA:37,1
DA:42,44
DA:43,25
DA:44,25
DA:47,44
DA:67,1
DA:73,1
DA:79,1
DA:85,1
DA:99,1
DA:108,240
DA:134,1
LF:41
LH:41
BRDA:29,0,0,1
BRDA:30,1,0,1
BRDA:30,1,1,1
BRDA:30,1,2,1
BRDA:30,1,3,1
BRDA:49,2,0,44
BRDA:49,2,1,20
BRDA:54,3,0,44
BRDA:54,3,1,23
BRDA:102,4,0,21
BRDA:102,4,1,2
BRDA:122,5,0,44
BRDA:122,5,1,23
BRDA:122,5,2,1
BRDA:127,6,0,44
BRDA:127,6,1,23
BRDA:127,6,2,23
BRDA:127,6,3,22
BRF:18
BRH:18
end_of_record
TN:
SF:src\Components\Card.tsx
FN:20,(anonymous_1)
FN:26,(anonymous_2)
FN:32,(anonymous_3)
FN:58,(anonymous_4)
FN:76,(anonymous_5)
FN:89,(anonymous_6)
FN:98,(anonymous_7)
FNF:7
FNH:7
FNDA:406,(anonymous_1)
FNDA:203,(anonymous_2)
FNDA:162,(anonymous_3)
FNDA:13,(anonymous_4)
FNDA:15,(anonymous_5)
FNDA:2,(anonymous_6)
FNDA:1,(anonymous_7)
DA:1,1
DA:2,1
DA:3,1
DA:4,1
DA:5,1
DA:6,1
DA:7,1
DA:8,1
DA:20,1
DA:21,406
DA:22,406
DA:23,406
DA:26,203
DA:27,203
DA:28,203
DA:29,203
DA:30,203
DA:31,203
DA:32,203
DA:33,162
DA:34,162
DA:35,162
DA:37,203
DA:58,13
DA:76,15
DA:89,2
DA:98,1
DA:109,1
LF:28
LH:28
BRDA:54,0,0,173
BRDA:54,0,1,30
BRDA:72,1,0,173
BRDA:72,1,1,30
BRDA:92,2,0,173
BRDA:92,2,1,30
BRF:6
BRH:6
end_of_record
TN:
SF:src\Components\CardLoader.tsx
FN:4,(anonymous_0)
FNF:1
FNH:1
FNDA:11,(anonymous_0)
DA:1,1
DA:2,1
DA:4,1
DA:5,11
DA:13,1
LF:5
LH:5
BRF:0
BRH:0
end_of_record
TN:
SF:src\app\store.tsx
FN:4,(anonymous_13)
FN:8,MoviesStore
FN:12,(anonymous_15)
FN:13,(anonymous_18)
FN:24,(anonymous_19)
FN:28,(anonymous_20)
FN:33,(anonymous_21)
FN:39,(anonymous_22)
FNF:8
FNH:8
FNDA:1,(anonymous_13)
FNDA:1,MoviesStore
FNDA:10,(anonymous_15)
FNDA:10,(anonymous_18)
FNDA:10,(anonymous_19)
FNDA:10,(anonymous_20)
FNDA:1,(anonymous_21)
FNDA:2,(anonymous_22)
DA:1,1
DA:4,1
DA:5,1
DA:6,1
DA:9,1
DA:12,1
DA:13,10
DA:14,10
DA:15,10
DA:18,10
DA:19,10
DA:20,10
DA:21,10
DA:22,10
DA:23,10
DA:24,10
DA:25,10
DA:28,10
DA:29,10
DA:33,1
DA:34,1
DA:35,1
DA:39,1
DA:40,2
DA:41,2
DA:42,2
DA:45,1
DA:47,1
DA:48,1
LF:29
LH:29
BRDA:21,0,0,10
BRDA:21,1,0,10
BRDA:21,1,1,10
BRDA:34,2,0,1
BRDA:40,3,0,2
BRF:5
BRH:5
end_of_record
TN:
SF:src\constant\Constant.tsx
FNF:0
FNH:0
DA:1,1
LF:1
LH:1
BRF:0
BRH:0
end_of_record
TN:
SF:src\img\arrow-down.tsx
FN:1,IconArrowDown
FNF:1
FNH:1
FNDA:2,IconArrowDown
DA:2,2
DA:17,1
LF:2
LH:2
BRF:0
BRH:0
end_of_record
TN:
SF:src\img\arrow-up.tsx
FN:1,IconArrowUp
FNF:1
FNH:1
FNDA:21,IconArrowUp
DA:2,21
DA:17,1
LF:2
LH:2
BRF:0
BRH:0
end_of_record
TN:
SF:src\img\cross.tsx
FN:1,IconCross1
FNF:1
FNH:1
FNDA:201,IconCross1
DA:2,201
DA:14,1
LF:2
LH:2
BRF:0
BRH:0
end_of_record
TN:
SF:src\img\imdb.tsx
FN:1,ImdbLogo
FNF:1
FNH:1
FNDA:23,ImdbLogo
DA:2,23
DA:13,1
LF:2
LH:2
BRF:0
BRH:0
end_of_record
TN:
SF:src\img\pencil.tsx
FN:1,IconPencil
FNF:1
FNH:1
FNDA:172,IconPencil
DA:2,172
DA:14,1
LF:2
LH:2
BRF:0
BRH:0
end_of_record
TN:
SF:src\img\save.tsx
FN:1,IconSave
FNF:1
FNH:1
FNDA:29,IconSave
DA:2,29
DA:19,1
LF:2
LH:2
BRF:0
BRH:0
end_of_record
